<?xml version="1.0" encoding="UTF-8"?>
<robot generator="Robot 3.1.2 (Python 3.8.1 on win32)" generated="20200127 00:08:14.876" rpa="false">
<suite id="s1" name="TestCasesAPI" source="C:\workspace\automated_tests\api_tests\TestCasesAPI.robot">
<kw name="Conect API" library="ResourceAPI" type="setup">
<kw name="Create Session" library="RequestsLibrary">
<doc>Create Session: create a HTTP session to a server</doc>
<arguments>
<arg>jsonplaceholder</arg>
<arg>${URL_API}</arg>
</arguments>
<msg timestamp="20200127 00:08:15.167" level="INFO">Creating Session using : alias=jsonplaceholder, url=https://jsonplaceholder.typicode.com, headers={},                     cookies={}, auth=None, timeout=None, proxies=None, verify=False,                     debug=0 </msg>
<status status="PASS" starttime="20200127 00:08:15.167" endtime="20200127 00:08:15.167"></status>
</kw>
<status status="PASS" starttime="20200127 00:08:15.166" endtime="20200127 00:08:15.167"></status>
</kw>
<test id="s1-t1" name="Request all users">
<kw name="Request all users" library="ResourceAPI">
<kw name="Get Request" library="RequestsLibrary">
<doc>Send a GET request on the session object found using the
given `alias`</doc>
<arguments>
<arg>jsonplaceholder</arg>
<arg>/users</arg>
</arguments>
<assign>
<var>${RESPONSE}</var>
</assign>
<msg timestamp="20200127 00:08:15.169" level="INFO">GET Request using : uri=/users, params=None, allow_redirects=True, timeout=None
headers={'User-Agent': 'python-requests/2.22.0', 'Accept-Encoding': 'gzip, deflate', 'Accept': '*/*', 'Connection': 'keep-alive'} 
data=None 
json=None</msg>
<msg timestamp="20200127 00:08:15.776" level="INFO">c:\users\glaucia\appdata\local\programs\python\python38-32\lib\site-packages\urllib3\connectionpool.py:997: InsecureRequestWarning: Unverified HTTPS request is being made to host 'jsonplaceholder.typicode.com'. Adding certificate verification is strongly advised. See: https://urllib3.readthedocs.io/en/latest/advanced-usage.html#ssl-warnings
  warnings.warn(</msg>
<msg timestamp="20200127 00:08:15.778" level="INFO">${RESPONSE} = &lt;Response [200]&gt;</msg>
<status status="PASS" starttime="20200127 00:08:15.168" endtime="20200127 00:08:15.778"></status>
</kw>
<kw name="Log" library="BuiltIn">
<doc>Logs the given message with the given level.</doc>
<arguments>
<arg>${RESPONSE.text}</arg>
</arguments>
<msg timestamp="20200127 00:08:15.779" level="INFO">[
  {
    "id": 1,
    "name": "Leanne Graham",
    "username": "Bret",
    "email": "Sincere@april.biz",
    "address": {
      "street": "Kulas Light",
      "suite": "Apt. 556",
      "city": "Gwenborough",
      "zipcode": "92998-3874",
      "geo": {
        "lat": "-37.3159",
        "lng": "81.1496"
      }
    },
    "phone": "1-770-736-8031 x56442",
    "website": "hildegard.org",
    "company": {
      "name": "Romaguera-Crona",
      "catchPhrase": "Multi-layered client-server neural-net",
      "bs": "harness real-time e-markets"
    }
  },
  {
    "id": 2,
    "name": "Ervin Howell",
    "username": "Antonette",
    "email": "Shanna@melissa.tv",
    "address": {
      "street": "Victor Plains",
      "suite": "Suite 879",
      "city": "Wisokyburgh",
      "zipcode": "90566-7771",
      "geo": {
        "lat": "-43.9509",
        "lng": "-34.4618"
      }
    },
    "phone": "010-692-6593 x09125",
    "website": "anastasia.net",
    "company": {
      "name": "Deckow-Crist",
      "catchPhrase": "Proactive didactic contingency",
      "bs": "synergize scalable supply-chains"
    }
  },
  {
    "id": 3,
    "name": "Clementine Bauch",
    "username": "Samantha",
    "email": "Nathan@yesenia.net",
    "address": {
      "street": "Douglas Extension",
      "suite": "Suite 847",
      "city": "McKenziehaven",
      "zipcode": "59590-4157",
      "geo": {
        "lat": "-68.6102",
        "lng": "-47.0653"
      }
    },
    "phone": "1-463-123-4447",
    "website": "ramiro.info",
    "company": {
      "name": "Romaguera-Jacobson",
      "catchPhrase": "Face to face bifurcated interface",
      "bs": "e-enable strategic applications"
    }
  },
  {
    "id": 4,
    "name": "Patricia Lebsack",
    "username": "Karianne",
    "email": "Julianne.OConner@kory.org",
    "address": {
      "street": "Hoeger Mall",
      "suite": "Apt. 692",
      "city": "South Elvis",
      "zipcode": "53919-4257",
      "geo": {
        "lat": "29.4572",
        "lng": "-164.2990"
      }
    },
    "phone": "493-170-9623 x156",
    "website": "kale.biz",
    "company": {
      "name": "Robel-Corkery",
      "catchPhrase": "Multi-tiered zero tolerance productivity",
      "bs": "transition cutting-edge web services"
    }
  },
  {
    "id": 5,
    "name": "Chelsey Dietrich",
    "username": "Kamren",
    "email": "Lucio_Hettinger@annie.ca",
    "address": {
      "street": "Skiles Walks",
      "suite": "Suite 351",
      "city": "Roscoeview",
      "zipcode": "33263",
      "geo": {
        "lat": "-31.8129",
        "lng": "62.5342"
      }
    },
    "phone": "(254)954-1289",
    "website": "demarco.info",
    "company": {
      "name": "Keebler LLC",
      "catchPhrase": "User-centric fault-tolerant solution",
      "bs": "revolutionize end-to-end systems"
    }
  },
  {
    "id": 6,
    "name": "Mrs. Dennis Schulist",
    "username": "Leopoldo_Corkery",
    "email": "Karley_Dach@jasper.info",
    "address": {
      "street": "Norberto Crossing",
      "suite": "Apt. 950",
      "city": "South Christy",
      "zipcode": "23505-1337",
      "geo": {
        "lat": "-71.4197",
        "lng": "71.7478"
      }
    },
    "phone": "1-477-935-8478 x6430",
    "website": "ola.org",
    "company": {
      "name": "Considine-Lockman",
      "catchPhrase": "Synchronised bottom-line interface",
      "bs": "e-enable innovative applications"
    }
  },
  {
    "id": 7,
    "name": "Kurtis Weissnat",
    "username": "Elwyn.Skiles",
    "email": "Telly.Hoeger@billy.biz",
    "address": {
      "street": "Rex Trail",
      "suite": "Suite 280",
      "city": "Howemouth",
      "zipcode": "58804-1099",
      "geo": {
        "lat": "24.8918",
        "lng": "21.8984"
      }
    },
    "phone": "210.067.6132",
    "website": "elvis.io",
    "company": {
      "name": "Johns Group",
      "catchPhrase": "Configurable multimedia task-force",
      "bs": "generate enterprise e-tailers"
    }
  },
  {
    "id": 8,
    "name": "Nicholas Runolfsdottir V",
    "username": "Maxime_Nienow",
    "email": "Sherwood@rosamond.me",
    "address": {
      "street": "Ellsworth Summit",
      "suite": "Suite 729",
      "city": "Aliyaview",
      "zipcode": "45169",
      "geo": {
        "lat": "-14.3990",
        "lng": "-120.7677"
      }
    },
    "phone": "586.493.6943 x140",
    "website": "jacynthe.com",
    "company": {
      "name": "Abernathy Group",
      "catchPhrase": "Implemented secondary concept",
      "bs": "e-enable extensible e-tailers"
    }
  },
  {
    "id": 9,
    "name": "Glenna Reichert",
    "username": "Delphine",
    "email": "Chaim_McDermott@dana.io",
    "address": {
      "street": "Dayna Park",
      "suite": "Suite 449",
      "city": "Bartholomebury",
      "zipcode": "76495-3109",
      "geo": {
        "lat": "24.6463",
        "lng": "-168.8889"
      }
    },
    "phone": "(775)976-6794 x41206",
    "website": "conrad.com",
    "company": {
      "name": "Yost and Sons",
      "catchPhrase": "Switchable contextually-based project",
      "bs": "aggregate real-time technologies"
    }
  },
  {
    "id": 10,
    "name": "Clementina DuBuque",
    "username": "Moriah.Stanton",
    "email": "Rey.Padberg@karina.biz",
    "address": {
      "street": "Kattie Turnpike",
      "suite": "Suite 198",
      "city": "Lebsackbury",
      "zipcode": "31428-2261",
      "geo": {
        "lat": "-38.2386",
        "lng": "57.2232"
      }
    },
    "phone": "024-648-3804",
    "website": "ambrose.net",
    "company": {
      "name": "Hoeger LLC",
      "catchPhrase": "Centralized empowering task-force",
      "bs": "target end-to-end models"
    }
  }
]</msg>
<status status="PASS" starttime="20200127 00:08:15.778" endtime="20200127 00:08:15.779"></status>
</kw>
<kw name="Set Test Variable" library="BuiltIn">
<doc>Makes a variable available everywhere within the scope of the current test.</doc>
<arguments>
<arg>${RESPONSE}</arg>
</arguments>
<msg timestamp="20200127 00:08:15.779" level="INFO">${RESPONSE} = &lt;Response [200]&gt;</msg>
<status status="PASS" starttime="20200127 00:08:15.779" endtime="20200127 00:08:15.780"></status>
</kw>
<status status="PASS" starttime="20200127 00:08:15.168" endtime="20200127 00:08:15.780"></status>
</kw>
<kw name="Validate status code" library="ResourceAPI">
<arguments>
<arg>200</arg>
</arguments>
<kw name="Should Be Equal As Strings" library="BuiltIn">
<doc>Fails if objects are unequal after converting them to strings.</doc>
<arguments>
<arg>${RESPONSE.status_code}</arg>
<arg>${CORRECT_STATUSCODE}</arg>
</arguments>
<msg timestamp="20200127 00:08:15.781" level="INFO">Argument types are:
&lt;class 'int'&gt;
&lt;type 'unicode'&gt;</msg>
<status status="PASS" starttime="20200127 00:08:15.781" endtime="20200127 00:08:15.781"></status>
</kw>
<status status="PASS" starttime="20200127 00:08:15.780" endtime="20200127 00:08:15.782"></status>
</kw>
<kw name="Validate reason" library="ResourceAPI">
<arguments>
<arg>OK</arg>
</arguments>
<kw name="Should Be Equal As Strings" library="BuiltIn">
<doc>Fails if objects are unequal after converting them to strings.</doc>
<arguments>
<arg>${RESPONSE.reason}</arg>
<arg>${CORRECT_REASON}</arg>
</arguments>
<status status="PASS" starttime="20200127 00:08:15.783" endtime="20200127 00:08:15.784"></status>
</kw>
<status status="PASS" starttime="20200127 00:08:15.782" endtime="20200127 00:08:15.784"></status>
</kw>
<kw name="Validate list with &quot;10&quot; users" library="ResourceAPI">
<kw name="Length Should Be" library="BuiltIn">
<doc>Verifies that the length of the given item is correct.</doc>
<arguments>
<arg>${RESPONSE.json()}</arg>
<arg>${QT_USERS}</arg>
</arguments>
<msg timestamp="20200127 00:08:15.786" level="INFO">Length is 10</msg>
<status status="PASS" starttime="20200127 00:08:15.785" endtime="20200127 00:08:15.786"></status>
</kw>
<status status="PASS" starttime="20200127 00:08:15.785" endtime="20200127 00:08:15.786"></status>
</kw>
<status status="PASS" starttime="20200127 00:08:15.167" endtime="20200127 00:08:15.787" critical="yes"></status>
</test>
<test id="s1-t2" name="Request an user">
<kw name="Request user &quot;1&quot;" library="ResourceAPI">
<kw name="Get Request" library="RequestsLibrary">
<doc>Send a GET request on the session object found using the
given `alias`</doc>
<arguments>
<arg>jsonplaceholder</arg>
<arg>/users/${ID_USER}</arg>
</arguments>
<assign>
<var>${RESPONSE}</var>
</assign>
<msg timestamp="20200127 00:08:15.790" level="INFO">GET Request using : uri=/users/1, params=None, allow_redirects=True, timeout=None
headers={'User-Agent': 'python-requests/2.22.0', 'Accept-Encoding': 'gzip, deflate', 'Accept': '*/*', 'Connection': 'keep-alive'} 
data=None 
json=None</msg>
<msg timestamp="20200127 00:08:15.835" level="INFO">c:\users\glaucia\appdata\local\programs\python\python38-32\lib\site-packages\urllib3\connectionpool.py:997: InsecureRequestWarning: Unverified HTTPS request is being made to host 'jsonplaceholder.typicode.com'. Adding certificate verification is strongly advised. See: https://urllib3.readthedocs.io/en/latest/advanced-usage.html#ssl-warnings
  warnings.warn(</msg>
<msg timestamp="20200127 00:08:15.836" level="INFO">${RESPONSE} = &lt;Response [200]&gt;</msg>
<status status="PASS" starttime="20200127 00:08:15.790" endtime="20200127 00:08:15.836"></status>
</kw>
<kw name="Log" library="BuiltIn">
<doc>Logs the given message with the given level.</doc>
<arguments>
<arg>${RESPONSE.text}</arg>
</arguments>
<msg timestamp="20200127 00:08:15.837" level="INFO">{
  "id": 1,
  "name": "Leanne Graham",
  "username": "Bret",
  "email": "Sincere@april.biz",
  "address": {
    "street": "Kulas Light",
    "suite": "Apt. 556",
    "city": "Gwenborough",
    "zipcode": "92998-3874",
    "geo": {
      "lat": "-37.3159",
      "lng": "81.1496"
    }
  },
  "phone": "1-770-736-8031 x56442",
  "website": "hildegard.org",
  "company": {
    "name": "Romaguera-Crona",
    "catchPhrase": "Multi-layered client-server neural-net",
    "bs": "harness real-time e-markets"
  }
}</msg>
<status status="PASS" starttime="20200127 00:08:15.836" endtime="20200127 00:08:15.837"></status>
</kw>
<kw name="Set Test Variable" library="BuiltIn">
<doc>Makes a variable available everywhere within the scope of the current test.</doc>
<arguments>
<arg>${RESPONSE}</arg>
</arguments>
<msg timestamp="20200127 00:08:15.838" level="INFO">${RESPONSE} = &lt;Response [200]&gt;</msg>
<status status="PASS" starttime="20200127 00:08:15.837" endtime="20200127 00:08:15.838"></status>
</kw>
<status status="PASS" starttime="20200127 00:08:15.789" endtime="20200127 00:08:15.838"></status>
</kw>
<kw name="Validate user information" library="ResourceAPI">
<kw name="Dictionary Should Contain Item" library="Collections">
<doc>An item of ``key`` / ``value`` must be found in a ``dictionary``.</doc>
<arguments>
<arg>${RESPONSE.json()}</arg>
<arg>id</arg>
<arg>${USER_1.id}</arg>
</arguments>
<status status="PASS" starttime="20200127 00:08:15.839" endtime="20200127 00:08:15.840"></status>
</kw>
<kw name="Dictionary Should Contain Item" library="Collections">
<doc>An item of ``key`` / ``value`` must be found in a ``dictionary``.</doc>
<arguments>
<arg>${RESPONSE.json()}</arg>
<arg>name</arg>
<arg>${USER_1.name}</arg>
</arguments>
<status status="PASS" starttime="20200127 00:08:15.840" endtime="20200127 00:08:15.841"></status>
</kw>
<kw name="Dictionary Should Contain Item" library="Collections">
<doc>An item of ``key`` / ``value`` must be found in a ``dictionary``.</doc>
<arguments>
<arg>${RESPONSE.json()}</arg>
<arg>username</arg>
<arg>${USER_1.username}</arg>
</arguments>
<status status="PASS" starttime="20200127 00:08:15.841" endtime="20200127 00:08:15.842"></status>
</kw>
<kw name="Dictionary Should Contain Item" library="Collections">
<doc>An item of ``key`` / ``value`` must be found in a ``dictionary``.</doc>
<arguments>
<arg>${RESPONSE.json()}</arg>
<arg>email</arg>
<arg>${USER_1.email}</arg>
</arguments>
<status status="PASS" starttime="20200127 00:08:15.842" endtime="20200127 00:08:15.844"></status>
</kw>
<status status="PASS" starttime="20200127 00:08:15.839" endtime="20200127 00:08:15.844"></status>
</kw>
<kw name="All users must have a name, username and email" library="ResourceAPI">
<kw name="Should Not Be Empty" library="BuiltIn">
<doc>Verifies that the given item is not empty.</doc>
<arguments>
<arg>${RESPONSE.json()["name"]}</arg>
</arguments>
<msg timestamp="20200127 00:08:15.852" level="INFO">Length is 13</msg>
<status status="PASS" starttime="20200127 00:08:15.851" endtime="20200127 00:08:15.852"></status>
</kw>
<kw name="Should Not Be Empty" library="BuiltIn">
<doc>Verifies that the given item is not empty.</doc>
<arguments>
<arg>${RESPONSE.json()["username"]}</arg>
</arguments>
<msg timestamp="20200127 00:08:15.853" level="INFO">Length is 4</msg>
<status status="PASS" starttime="20200127 00:08:15.852" endtime="20200127 00:08:15.853"></status>
</kw>
<kw name="Should Not Be Empty" library="BuiltIn">
<doc>Verifies that the given item is not empty.</doc>
<arguments>
<arg>${RESPONSE.json()["email"]}</arg>
</arguments>
<msg timestamp="20200127 00:08:15.854" level="INFO">Length is 17</msg>
<status status="PASS" starttime="20200127 00:08:15.853" endtime="20200127 00:08:15.855"></status>
</kw>
<status status="PASS" starttime="20200127 00:08:15.849" endtime="20200127 00:08:15.855"></status>
</kw>
<status status="PASS" starttime="20200127 00:08:15.788" endtime="20200127 00:08:15.855" critical="yes"></status>
</test>
<status status="PASS" starttime="20200127 00:08:14.881" endtime="20200127 00:08:15.857"></status>
</suite>
<statistics>
<total>
<stat pass="2" fail="0">Critical Tests</stat>
<stat pass="2" fail="0">All Tests</stat>
</total>
<tag>
</tag>
<suite>
<stat pass="2" fail="0" id="s1" name="TestCasesAPI">TestCasesAPI</stat>
</suite>
</statistics>
<errors>
</errors>
</robot>
